# Advanced Join Techniques

## Introduction

JOIN patterns in SQL mirror how software developers compose components in application architecture—both require connecting distinct pieces while maintaining performance and correctness. As applications scale and data relationships grow more complex, simple joins no longer suffice, demanding more sophisticated techniques to efficiently traverse multiple tables, model hierarchical structures, and optimize query execution. 

These advanced JOIN operations form a critical skill set for developers working with relational data, enabling you to interrogate complex data models and solve real business problems that span multiple entities. The techniques you'll learn provide powerful tools for working with interconnected data while avoiding common performance pitfalls that plague poorly designed database interactions.

## Prerequisites

Before diving into advanced JOIN techniques, you should be comfortable with the fundamentals covered in "Exploring OUTER JOINs." That lesson established the groundwork with LEFT, RIGHT, and FULL OUTER JOINs, which extend INNER JOINs by preserving unmatched records. You should understand how to use ON clauses to define relationships, handle NULLs as missing relationships using COALESCE and ISNULL, and identify unmatched records with WHERE clauses. This foundation is crucial as we now move to more complex multi-table scenarios and optimization considerations.

## Learning Outcomes

By the end of this lesson, you will be able to:

1. Implement advanced JOIN patterns including multi-table JOINs, self-JOINs, and hierarchical data relationships to query data across related tables.
2. Analyze SQL query execution plans by examining JOIN order evaluation, indexing impact, and cardinality estimation to optimize JOIN-heavy operations.
3. Evaluate and troubleshoot complex JOIN queries by validating JOIN conditions, handling NULL values properly, and identifying cartesian product risks.

## Implement Advanced JOIN Patterns to Query Data Across Multiple Related Tables

### Multi-table JOINs

Multi-table JOINs connect three or more tables in a single query, enabling retrieval of related data across the entire database schema. Think of these as building a data pipeline, where each connected table adds context to your result set. Just as a software engineer composes a series of functions to transform data from input to output, SQL developers chain tables together through their related keys.

The power of multi-table JOINs lies in their ability to answer complex business questions that span different entities. For example, in an e-commerce context, you might need to connect customers, orders, products, and categories to analyze purchasing patterns.

```sql
-- Multi-table JOIN connecting Customers, Orders, OrderDetails, and Products
SELECT 
    c.CustomerID,
    c.CustomerName,
    o.OrderID,
    o.OrderDate,
    p.ProductName,
    p.CategoryID,
    od.Quantity,
    od.UnitPrice
FROM 
    Customers c
    LEFT JOIN Orders o ON c.CustomerID = o.CustomerID
    LEFT JOIN OrderDetails od ON o.OrderID = od.OrderID
    LEFT JOIN Products p ON od.ProductID = p.ProductID
WHERE 
    c.Country = 'USA'
ORDER BY 
    c.CustomerName, o.OrderDate DESC;
```

```console
# Expected output
CustomerID  CustomerName      OrderID  OrderDate    ProductName       CategoryID  Quantity  UnitPrice
------------------------------------------------------------------------------------------
ALFKI       Alfreds Futterkiste  10643  2022-08-25  Chai              1           2         18.00
ALFKI       Alfreds Futterkiste  10643  2022-08-25  Chang             1           4         19.00
ALFKI       Alfreds Futterkiste  10692  2022-10-03  Tofu              7           5         23.25
ANATR       Ana Trujillo         10308  2022-09-18  Konbu             8           10        6.00
ANATR       Ana Trujillo         10625  2022-08-08  Ikura             8           3         31.00
ANTON       Antonio Moreno       NULL   NULL        NULL              NULL        NULL      NULL
```

The execution flow in multi-table JOINs mirrors middleware patterns in web development, where each component in the chain processes data before passing it to the next. Just as you'd carefully consider the sequence of middleware for optimal processing, the order of your JOINs affects both query readability and potentially performance. Start with the most foundational table (often the "one" side of a one-to-many relationship) and progressively add related tables.

### Self-JOINs

Self-JOINs occur when you join a table to itself—a powerful technique for working with self-referential data. This pattern is conceptually similar to recursive function calls or components that contain instances of themselves in software development. The most common application is handling hierarchical relationships within a single entity type.

For effective self-JOINs, you must use table aliases to disambiguate the same table playing different roles. For instance, in employee-manager relationships, one alias might represent "employees" while another represents "managers"—though both reference the same physical table.

```sql
-- Self-JOIN on Employees table to show employee-manager relationships
SELECT 
    e.EmployeeID,
    e.FirstName + ' ' + e.LastName AS EmployeeName,
    e.Title AS EmployeeTitle,
    m.EmployeeID AS ManagerID,
    m.FirstName + ' ' + m.LastName AS ManagerName,
    m.Title AS ManagerTitle
FROM 
    Employees e
    LEFT JOIN Employees m ON e.ManagerID = m.EmployeeID
ORDER BY 
    m.EmployeeID, e.EmployeeID;
```

```console
# Expected output
EmployeeID  EmployeeName     EmployeeTitle        ManagerID  ManagerName      ManagerTitle
------------------------------------------------------------------------------------------
1           Nancy Davolio    Sales Representative  2          Andrew Fuller    Vice President, Sales
3           Janet Leverling  Sales Representative  2          Andrew Fuller    Vice President, Sales
4           Margaret Peacock Sales Representative  2          Andrew Fuller    Vice President, Sales
5           Steven Buchanan  Sales Manager         2          Andrew Fuller    Vice President, Sales
2           Andrew Fuller    Vice President, Sales NULL       NULL             NULL
6           Michael Suyama   Sales Representative  5          Steven Buchanan  Sales Manager
7           Robert King      Sales Representative  5          Steven Buchanan  Sales Manager
```

Self-JOINs solve the same types of problems as parent-child object relationships in OOP. Just as a composite design pattern allows objects to contain other objects of the same type, self-JOINs let you query relationships between records of the same entity. This pattern shines when modeling organizational structures, bill-of-materials compositions, or thread-reply relationships.

**Case Study: Organizational Hierarchy Visualization**
A medium-sized technology company needed to visualize their reporting structure across departments. Using a self-JOIN approach, we developed a query that showed not just direct reports but the entire management chain up to the CEO. By applying multiple self-JOINs with CONNECT BY PRIOR syntax (Oracle) or recursive CTEs (SQL Server/PostgreSQL), we created a report that displayed reporting depth, span of control, and identified structural imbalances that led to management reforms.

### Hierarchical Data Relationships

Hierarchical data represents nested parent-child relationships that can extend to multiple levels—organizational charts, category taxonomies, nested comments. These structures present unique challenges in relational databases, which don't naturally accommodate tree structures.

SQL offers multiple approaches to handle hierarchical data, similar to how developers handle tree structures in code:

```sql
-- Recursive CTE to traverse a hierarchical category structure
WITH CategoryHierarchy AS (
    -- Anchor member: Select top-level categories (those with no parent)
    SELECT 
        CategoryID,
        CategoryName,
        0 AS Level,
        CAST(CategoryName AS VARCHAR(1000)) AS Path
    FROM 
        Categories
    WHERE 
        ParentCategoryID IS NULL
    
    UNION ALL
    
    -- Recursive member: Join child categories to their parents
    SELECT 
        c.CategoryID,
        c.CategoryName,
        ch.Level + 1,
        CAST(ch.Path + ' > ' + c.CategoryName AS VARCHAR(1000)) AS Path
    FROM 
        Categories c
        INNER JOIN CategoryHierarchy ch ON c.ParentCategoryID = ch.CategoryID
)
-- Query the CTE to get the complete hierarchy
SELECT 
    CategoryID,
    CategoryName,
    Level,
    Path
FROM 
    CategoryHierarchy
ORDER BY 
    Path;
```

```console
# Expected output
CategoryID  CategoryName        Level  Path
----------------------------------------------------------
1           Electronics         0      Electronics
4           Computers           1      Electronics > Computers
8           Laptops             2      Electronics > Computers > Laptops
9           Desktops            2      Electronics > Computers > Desktops
5           Mobile Devices      1      Electronics > Mobile Devices
10          Smartphones         2      Electronics > Mobile Devices > Smartphones
11          Tablets             2      Electronics > Mobile Devices > Tablets
2           Clothing            0      Clothing
6           Men's Wear          1      Clothing > Men's Wear
7           Women's Wear        1      Clothing > Women's Wear
3           Food & Beverages    0      Food & Beverages
12          Dairy               1      Food & Beverages > Dairy
13          Bakery              1      Food & Beverages > Bakery
```

When working with hierarchical data, you often face the choice between query complexity and performance—a tradeoff similar to choosing between recursive functions and iterative approaches in software development. Recursive CTEs are readable but may perform poorly with deep hierarchies, while adjacency lists with denormalized paths often provide better performance at the cost of data maintenance complexity.

Like middleware composition, advanced JOIN patterns require careful consideration of data flow, transformation, and aggregation. The most elegant solutions often combine multiple join techniques to solve complex business problems while maintaining performance. As you practice these patterns, you'll develop an intuition for when to employ each technique—just as experienced developers instinctively recognize which design patterns fit different coding scenarios.

## Analyze SQL Query Execution Plans to Optimize JOIN-heavy Operations

### JOIN Order Evaluation

The database engine doesn't necessarily process joins in the order you write them. Instead, it constructs an execution plan that determines the most efficient processing sequence based on available statistics, indexes, and query structure. This optimization resembles how compilers reorder operations for performance while preserving semantic correctness.

Understanding how the query optimizer evaluates JOIN order is crucial for writing efficient queries. The optimizer considers table sizes, available indexes, join conditions, and estimated selectivity to determine the optimal path through your tables.

```sql
-- Using EXPLAIN to examine execution plan for a multi-table JOIN query
EXPLAIN
SELECT 
    c.CustomerName,
    o.OrderDate,
    p.ProductName,
    od.Quantity
FROM 
    Customers c
    JOIN Orders o ON c.CustomerID = o.CustomerID
    JOIN OrderDetails od ON o.OrderID = od.OrderID
    JOIN Products p ON od.ProductID = p.ProductID
WHERE 
    c.Country = 'Germany'
    AND o.OrderDate BETWEEN '2022-01-01' AND '2022-12-31';
```

```console
# Expected output (PostgreSQL format)
Nested Loop  (cost=31.38..1289.75 rows=267 width=68)
  ->  Hash Join  (cost=30.95..1083.62 rows=89 width=24)
        Hash Cond: (o.customerid = c.customerid)
        ->  Seq Scan on orders o  (cost=0.00..930.00 rows=4382 width=16)
              Filter: ((orderdate >= '2022-01-01'::date) AND (orderdate <= '2022-12-31'::date))
        ->  Hash  (cost=29.70..29.70 rows=100 width=16)
              ->  Seq Scan on customers c  (cost=0.00..29.70 rows=100 width=16)
                    Filter: ((country)::text = 'Germany'::text)
  ->  Index Scan using orderdetails_orderid_idx on orderdetails od  (cost=0.42..2.30 rows=3 width=12)
        Index Cond: (orderid = o.orderid)
  ->  Index Scan using products_pkey on products p  (cost=0.29..0.35 rows=1 width=36)
        Index Cond: (productid = od.productid)
```

JOIN order optimization parallels dependency resolution in build systems or module loading in application architectures. Just as a smart build system determines the optimal sequence for compiling components based on their dependencies, the query optimizer constructs an execution plan that minimizes resource usage while preserving correctness.

Pay special attention to which table the optimizer chooses as the "driving" or "outer" table in the join sequence. This is typically the table with the smallest relevant subset after filtering, not necessarily the smallest overall table—a concept similar to choosing the right entry point when traversing a complex object graph.

### Indexing Impact on JOINs

Indexes dramatically influence JOIN performance, serving as the database equivalent of hash tables or search trees in application code. Properly indexed join columns can reduce operations from O(n²) to O(n log n) or better, especially for large tables.

The most critical indexes for JOINs are on foreign key columns, similar to how caching frequently accessed objects reduces lookup costs in application code. However, index selection involves trade-offs—each index speeds up specific queries but adds overhead to write operations.

```sql
-- Comparing JOIN performance with and without indexes

-- First, let's examine a query without proper indexes
EXPLAIN ANALYZE
SELECT 
    c.CustomerName,
    o.OrderDate,
    p.ProductName
FROM 
    Customers c
    JOIN Orders o ON c.CustomerID = o.CustomerID
    JOIN OrderDetails od ON o.OrderID = od.OrderID
    JOIN Products p ON od.ProductID = p.ProductID
WHERE 
    c.Country = 'USA';

-- Now, after creating appropriate indexes:
-- CREATE INDEX idx_customers_country ON Customers(Country);
-- CREATE INDEX idx_orders_customerid ON Orders(CustomerID);
-- CREATE INDEX idx_orderdetails_orderid ON OrderDetails(OrderID);
-- CREATE INDEX idx_orderdetails_productid ON OrderDetails(ProductID);

-- The same query with indexes in place
EXPLAIN ANALYZE
SELECT 
    c.CustomerName,
    o.OrderDate,
    p.ProductName
FROM 
    Customers c
    JOIN Orders o ON c.CustomerID = o.CustomerID
    JOIN OrderDetails od ON o.OrderID = od.OrderID
    JOIN Products p ON od.ProductID = p.ProductID
WHERE 
    c.Country = 'USA';
```

```console
# Expected output without indexes
Hash Join  (cost=1120.34..1890.75 rows=267 width=68) (actual time=15.324..25.678 ms rows=285)
  Hash Cond: (o.customerid = c.customerid)
  ->  Seq Scan on orders o  (cost=0.00..930.00 rows=4382 width=16) (actual time=0.012..5.234 ms rows=4382)
  ->  Hash  (cost=1095.70..1095.70 rows=1970 width=52) (actual time=15.289..15.289 ms rows=1970)
        ->  Nested Loop  (cost=0.00..1095.70 rows=1970 width=52) (actual time=0.028..14.567 ms rows=1970)
              ->  Seq Scan on customers c  (cost=0.00..29.70 rows=30 width=16) (actual time=0.015..0.156 ms rows=30)
                    Filter: ((country)::text = 'USA'::text)
              ->  Seq Scan on products p  (cost=0.00..35.00 rows=77 width=36) (actual time=0.005..0.178 ms rows=77)
Execution time: 26.543 ms

# Expected output with indexes
Nested Loop  (cost=8.17..289.75 rows=267 width=68) (actual time=0.324..5.678 ms rows=285)
  ->  Hash Join  (cost=7.95..83.62 rows=89 width=24) (actual time=0.289..1.234 ms rows=89)
        Hash Cond: (o.customerid = c.customerid)
        ->  Index Scan using idx_orders_customerid on orders o  (cost=0.00..70.00 rows=4382 width=16) (actual time=0.012..0.934 ms rows=4382)
        ->  Hash  (cost=6.70..6.70 rows=100 width=16) (actual time=0.189..0.189 ms rows=30)
              ->  Index Scan using idx_customers_country on customers c  (cost=0.00..6.70 rows=30 width=16) (actual time=0.015..0.156 ms rows=30)
                    Index Cond: ((country)::text = 'USA'::text)
  ->  Index Scan using idx_orderdetails_orderid on orderdetails od  (cost=0.42..2.30 rows=3 width=12) (actual time=0.008..0.034 ms rows=3)
        Index Cond: (orderid = o.orderid)
  ->  Index Scan using products_pkey on products p  (cost=0.29..0.35 rows=1 width=36) (actual time=0.005..0.005 ms rows=1)
        Index Cond: (productid = od.productid)
Execution time: 6.123 ms
```

When optimizing JOINs through indexing, consider the lifetime of the query results in your application. For transactional queries executed frequently, optimizing JOIN performance through careful indexing yields significant benefits. For analytical queries run occasionally during off-hours, the maintenance cost of additional indexes might outweigh performance gains—a decision matrix similar to choosing between runtime optimization and development simplicity in code.

### Cardinality Estimation

Cardinality estimation—predicting how many rows will flow through each stage of query execution—is the cornerstone of the optimizer's decision-making process. When these estimates are inaccurate, the optimizer may choose suboptimal JOIN algorithms or sequences, similar to how inaccurate profiling data can lead to misguided optimization efforts in code.

Modern query optimizers use statistics about data distribution to make these estimates. These statistics, similar to runtime metrics in application monitoring, must be regularly updated to reflect the current data reality.

```sql
-- Examining cardinality estimates vs. actual rows
EXPLAIN ANALYZE
SELECT 
    o.OrderDate,
    c.CustomerName,
    COUNT(od.ProductID) AS ProductCount
FROM 
    Orders o
    JOIN Customers c ON o.CustomerID = c.CustomerID
    JOIN OrderDetails od ON o.OrderID = od.OrderID
WHERE 
    o.OrderDate BETWEEN '2022-01-01' AND '2022-01-31'
    AND c.Country IN ('USA', 'Canada', 'Mexico')
GROUP BY 
    o.OrderDate, c.CustomerName;

-- Update statistics to improve estimation accuracy
ANALYZE TABLE Orders;
ANALYZE TABLE Customers;
ANALYZE TABLE OrderDetails;

-- Run the query again to see improved estimates
EXPLAIN ANALYZE
SELECT 
    o.OrderDate,
    c.CustomerName,
    COUNT(od.ProductID) AS ProductCount
FROM 
    Orders o
    JOIN Customers c ON o.CustomerID = c.CustomerID
    JOIN OrderDetails od ON o.OrderID = od.OrderID
WHERE 
    o.OrderDate BETWEEN '2022-01-01' AND '2022-01-31'
    AND c.Country IN ('USA', 'Canada', 'Mexico')
GROUP BY 
    o.OrderDate, c.CustomerName;
```

```console
# Expected output before statistics update
HashAggregate  (cost=1289.75..1290.75 rows=100 width=76) (actual time=25.678..26.123 ms rows=42)
  Group Key: o.orderdate, c.customername
  ->  Hash Join  (cost=31.38..1289.75 rows=267 width=68) (actual time=15.324..25.123 ms rows=156)
        Hash Cond: (o.customerid = c.customerid)
        ->  Seq Scan on orders o  (cost=0.00..930.00 rows=146 width=16) (actual time=0.012..5.234 ms rows=87)
              Filter: ((orderdate >= '2022-01-01'::date) AND (orderdate <= '2022-01-31'::date))
        ->  Hash  (cost=29.70..29.70 rows=100 width=52) (actual time=15.289..15.289 ms rows=91)
              ->  Seq Scan on customers c  (cost=0.00..29.70 rows=100 width=52) (actual time=0.028..0.567 ms rows=91)
                    Filter: ((country)::text = ANY ('{USA,Canada,Mexico}'::text[]))
Execution time: 26.543 ms

# Expected output after statistics update
HashAggregate  (cost=789.75..790.75 rows=42 width=76) (actual time=20.678..20.923 ms rows=42)
  Group Key: o.orderdate, c.customername
  ->  Hash Join  (cost=31.38..789.75 rows=156 width=68) (actual time=10.324..20.123 ms rows=156)
        Hash Cond: (o.customerid = c.customerid)
        ->  Seq Scan on orders o  (cost=0.00..630.00 rows=87 width=16) (actual time=0.012..3.234 ms rows=87)
              Filter: ((orderdate >= '2022-01-01'::date) AND (orderdate <= '2022-01-31'::date))
        ->  Hash  (cost=29.70..29.70 rows=91 width=52) (actual time=10.289..10.289 ms rows=91)
              ->  Seq Scan on customers c  (cost=0.00..29.70 rows=91 width=52) (actual time=0.028..0.567 ms rows=91)
                    Filter: ((country)::text = ANY ('{USA,Canada,Mexico}'::text[]))
Execution time: 21.543 ms
```

Understanding cardinality estimation is particularly important for queries joining tables with skewed data distributions or complex filtering conditions. Just as you'd carefully analyze algorithm complexity for varying input distributions, you must consider how data characteristics affect JOIN performance across different scenarios.

**Case Study: Troubleshooting a Production JOIN Performance Issue**
A financial reporting application experienced timeout issues during month-end processing. The problematic query joined transaction tables with dimension tables using complex filtering. Analysis revealed that cardinality misestimation was causing the optimizer to choose nested loop joins instead of hash joins. The statistics showed even distribution, but the actual data was highly skewed toward recent dates. By implementing filtered statistics on date ranges and restructuring the query to provide cardinality hints, we reduced execution time from minutes to seconds.

Query plan analysis is to SQL what profiling is to application code—it reveals where time is spent and identifies opportunities for optimization. By understanding execution plans, you gain insight into the database engine's decision-making process and can write queries that leverage its strengths while avoiding its limitations.

## Evaluate and Troubleshoot Complex JOIN Queries for Correctness and Performance

### JOIN Condition Validation

Incorrect JOIN conditions are the SQL equivalent of logical bugs in application code—they quietly produce wrong results without raising errors. These subtle issues often manifest as missing or duplicate records, incorrect aggregations, or inconsistent reporting numbers.

Validating JOIN conditions requires understanding the logical data model and the business rules governing entity relationships. Just as you'd verify interface contracts between services, you need to ensure your JOIN conditions accurately reflect the intended data relationships.

```sql
-- Demonstrating common JOIN condition mistakes and validation techniques

-- 1. Incorrect: Missing join condition for a table
SELECT 
    c.CustomerName,
    o.OrderID,
    p.ProductName
FROM 
    Customers c
    JOIN Orders o ON c.CustomerID = o.CustomerID
    JOIN OrderDetails od ON o.OrderID = od.OrderID
    JOIN Products p  -- Missing join condition!
LIMIT 5;  -- Limiting to prevent excessive output

-- 1. Corrected: Proper join condition for all tables
SELECT 
    c.CustomerName,
    o.OrderID,
    p.ProductName
FROM 
    Customers c
    JOIN Orders o ON c.CustomerID = o.CustomerID
    JOIN OrderDetails od ON o.OrderID = od.OrderID
    JOIN Products p ON od.ProductID = p.ProductID
LIMIT 5;

-- 2. Incorrect: Incomplete composite key join
SELECT 
    o.OrderID,
    s.ShipperName,
    s.TrackingNumber
FROM 
    Orders o
    JOIN Shipments s ON o.OrderID = s.OrderID  -- Missing ShipmentLineID in composite key
LIMIT 5;

-- 2. Corrected: Complete composite key join
SELECT 
    o.OrderID,
    s.ShipperName,
    s.TrackingNumber
FROM 
    Orders o
    JOIN Shipments s ON o.OrderID = s.OrderID AND o.ShipmentLineID = s.ShipmentLineID
LIMIT 5;

-- 3. Validation query: Checking for orphaned records after a join
SELECT 
    COUNT(*) AS TotalCustomers,
    COUNT(o.OrderID) AS CustomersWithOrders,
    COUNT(*) - COUNT(o.OrderID) AS CustomersWithoutOrders
FROM 
    Customers c
    LEFT JOIN Orders o ON c.CustomerID = o.CustomerID;
```

```console
# Expected output for incorrect missing join condition
CustomerName      OrderID  ProductName
------------------------------------------
Alfreds Futterkiste  10643  Chai
Alfreds Futterkiste  10643  Chang
Alfreds Futterkiste  10643  Aniseed Syrup
Alfreds Futterkiste  10643  Chef Anton's Cajun Seasoning
Alfreds Futterkiste  10643  Chef Anton's Gumbo Mix
(Note: This would return a cartesian product with every product for each order)

# Expected output for corrected join
CustomerName      OrderID  ProductName
------------------------------------------
Alfreds Futterkiste  10643  Chai
Alfreds Futterkiste  10643  Chang
Ana Trujillo         10308  Konbu
Ana Trujillo         10625  Ikura
Antonio Moreno       10507  Tofu

# Expected output for validation query
TotalCustomers  CustomersWithOrders  CustomersWithoutOrders
----------------------------------------------------------
91              87                   4
```

A systematic approach to validating JOIN conditions starts with affirming the cardinality of the relationship (one-to-one, one-to-many, many-to-many) and then verifying that the chosen JOIN type and conditions maintain this relationship's integrity. This process parallels input validation and contract verification in application development—it's about ensuring that the operation's assumptions align with data reality.

### Handling NULL Values in JOINs

NULL values require special consideration in JOIN operations because they follow three-valued logic rather than the binary logic familiar in most programming contexts. A NULL in a JOIN column essentially means "unknown" and doesn't match anything—not even another NULL—in standard JOIN conditions.

This behavior frequently causes confusion, particularly when migrating logic from application code (where null == null evaluates to true in many languages) to SQL (where NULL = NULL evaluates to unknown, effectively false in JOIN contexts).

```sql
-- Demonstrating NULL handling techniques in JOINs

-- 1. Using COALESCE to handle NULLs in join conditions
SELECT 
    p.ProductName,
    COALESCE(p.SupplierID, 0) AS SupplierID,
    s.SupplierName
FROM 
    Products p
    LEFT JOIN Suppliers s ON COALESCE(p.SupplierID, 0) = COALESCE(s.SupplierID, 0);

-- 2. Using IS NOT DISTINCT FROM for NULL-equals-NULL semantics (PostgreSQL)
SELECT 
    p.ProductName,
    p.SupplierID,
    s.SupplierName
FROM 
    Products p
    LEFT JOIN Suppliers s ON p.SupplierID IS NOT DISTINCT FROM s.SupplierID;

-- 3. Alternative approach for databases without IS NOT DISTINCT FROM
SELECT 
    p.ProductName,
    p.SupplierID,
    s.SupplierName
FROM 
    Products p
    LEFT JOIN Suppliers s ON 
        (p.SupplierID = s.SupplierID) OR 
        (p.SupplierID IS NULL AND s.SupplierID IS NULL);

-- 4. Using UNION to handle NULL and non-NULL cases separately
SELECT 
    p.ProductName,
    p.SupplierID,
    s.SupplierName
FROM 
    Products p
    JOIN Suppliers s ON p.SupplierID = s.SupplierID
UNION ALL
SELECT 
    p.ProductName,
    p.SupplierID,
    'No Supplier' AS SupplierName
FROM 
    Products p
WHERE 
    p.SupplierID IS NULL;
```

```console
# Expected output for COALESCE approach
ProductName       SupplierID  SupplierName
------------------------------------------
Chai              1           Exotic Liquids
Chang             1           Exotic Liquids
Aniseed Syrup     1           Exotic Liquids
Chef Anton's...   2           New Orleans Cajun Delights
House Blend       NULL        No Supplier Name
(Note: Products with NULL SupplierID will show "No Supplier Name" if there's a supplier with ID 0)

# Expected output for IS NOT DISTINCT FROM
ProductName       SupplierID  SupplierName
------------------------------------------
Chai              1           Exotic Liquids
Chang             1           Exotic Liquids
Aniseed Syrup     1           Exotic Liquids
Chef Anton's...   2           New Orleans Cajun Delights
House Blend       NULL        NULL
(Note: Products with NULL SupplierID will match suppliers with NULL SupplierID)

# Expected output for UNION approach
ProductName       SupplierID  SupplierName
------------------------------------------
Chai              1           Exotic Liquids
Chang             1           Exotic Liquids
Aniseed Syrup     1           Exotic Liquids
Chef Anton's...   2           New Orleans Cajun Delights
House Blend       NULL        No Supplier
```

The approach to NULL handling in JOINs parallels null-safety patterns in programming languages. Just as Swift's optional chaining or Kotlin's null-safety operators provide elegant solutions to null reference issues, carefully crafted JOIN conditions with explicit NULL handling lead to more robust and maintainable queries.

### Identifying Cartesian Product Risks

Cartesian products (or cross joins) multiply the number of output rows by combining every row from one table with every row from another—without any filtering condition. While occasionally useful, unintentional cartesian products are the performance equivalent of infinite loops in application code, potentially generating billions of rows and crashing your database session.

The most common cause is a missing JOIN condition, but they can also occur more subtly in multi-table queries where certain table pairs lack direct conditions, relying instead on transitive relationships that the optimizer can't utilize effectively.

```sql
-- Demonstrating cartesian product risks and prevention

-- 1. Inadvertent cross join due to missing condition
EXPLAIN
SELECT 
    c.CustomerName,
    o.OrderID,
    p.ProductName
FROM 
    Customers c
    JOIN Orders o ON c.CustomerID = o.CustomerID
    JOIN OrderDetails od ON o.OrderID = od.OrderID
    JOIN Products p  -- Missing join condition creates cartesian product!
LIMIT 10;

-- 1. Corrected: Proper join condition
EXPLAIN
SELECT 
    c.CustomerName,
    o.OrderID,
    p.ProductName
FROM 
    Customers c
    JOIN Orders o ON c.CustomerID = o.CustomerID
    JOIN OrderDetails od ON o.OrderID = od.OrderID
    JOIN Products p ON od.ProductID = p.ProductID
LIMIT 10;

-- 2. Subtle cartesian product from indirect relationships
EXPLAIN
SELECT 
    c.CustomerName,
    e.LastName AS EmployeeName,
    p.ProductName
FROM 
    Customers c
    JOIN Orders o ON c.CustomerID = o.CustomerID
    JOIN Employees e ON o.EmployeeID = e.EmployeeID
    JOIN OrderDetails od ON o.OrderID = od.OrderID
    -- No direct relationship between Employees and Products
    JOIN Products p  -- This creates a partial cartesian product!
LIMIT 10;

-- 2. Corrected: Adding the missing relationship
EXPLAIN
SELECT 
    c.CustomerName,
    e.LastName AS EmployeeName,
    p.ProductName
FROM 
    Customers c
    JOIN Orders o ON c.CustomerID = o.CustomerID
    JOIN Employees e ON o.EmployeeID = e.EmployeeID
    JOIN OrderDetails od ON o.OrderID = od.OrderID
    JOIN Products p ON od.ProductID = p.ProductID
LIMIT 10;

-- 3. Intentional cross join with explicit syntax
EXPLAIN
SELECT 
    c.CategoryName,
    s.SupplierName
FROM 
    Categories c
    CROSS JOIN Suppliers s
WHERE 
    c.CategoryID IN (1, 2, 3)
    AND s.Country = 'USA'
ORDER BY 
    c.CategoryName, s.SupplierName;
```

```console
# Expected output for inadvertent cross join
Nested Loop  (cost=31.38..1289750.75 rows=7700000 width=68)
  ->  Hash Join  (cost=30.95..1083.62 rows=89 width=24)
        Hash Cond: (o.customerid = c.customerid)
        ->  Seq Scan on orders o  (cost=0.00..930.00 rows=4382 width=16)
        ->  Hash  (cost=29.70..29.70 rows=100 width=16)
              ->  Seq Scan on customers c  (cost=0.00..29.70 rows=100 width=16)
  ->  Materialize  (cost=0.00..5.77 rows=77 width=36)
        ->  Seq Scan on products p  (cost=0.00..5.77 rows=77 width=36)
(Note: The estimated row count is extremely high - 7.7 million rows!)

# Expected output for corrected join
Nested Loop  (cost=31.38..1289.75 rows=267 width=68)
  ->  Hash Join  (cost=30.95..1083.62 rows=89 width=24)
        Hash Cond: (o.customerid = c.customerid)
        ->  Seq Scan on orders o  (cost=0.00..930.00 rows=4382 width=16)
        ->  Hash  (cost=29.70..29.70 rows=100 width=16)
              ->  Seq Scan on customers c  (cost=0.00..29.70 rows=100 width=16)
  ->  Index Scan using orderdetails_productid_idx on orderdetails od  (cost=0.42..2.30 rows=3 width=12)
        Index Cond: (orderid = o.orderid)
  ->  Index Scan using products_pkey on products p  (cost=0.29..0.35 rows=1 width=36)
        Index Cond: (productid = od.productid)
(Note: The estimated row count is now reasonable - 267 rows)

# Expected output for intentional cross join
Nested Loop  (cost=0.00..35.77 rows=231 width=52)
  ->  Seq Scan on categories c  (cost=0.00..1.04 rows=3 width=16)
        Filter: (categoryid = ANY ('{1,2,3}'::integer[]))
  ->  Materialize  (cost=0.00..11.55 rows=77 width=36)
        ->  Seq Scan on suppliers s  (cost=0.00..11.55 rows=77 width=36)
              Filter: ((country)::text = 'USA'::text)
(Note: This is an intentional cross join with explicit CROSS JOIN syntax)
```

Preventing unintended cartesian products requires a disciplined approach similar to defensive programming. Just as you'd carefully validate inputs and check boundary conditions in code, you should:
1. Always explicitly declare JOIN types rather than using comma-separated table lists
2. Review EXPLAIN output for cross join operations before executing complex queries
3. Verify result set row counts against expected cardinality for each joined entity
4. Consider using database settings that prevent implicit cross joins when available

These practices parallel software engineering's emphasis on making intentions explicit and preventing common error conditions through design rather than detection.

## Coming Up

While this lesson covers the core advanced JOIN techniques, many specialized database systems offer additional functionality for specific use cases. Modern analytical databases support window functions for sophisticated aggregations across joined data. Graph databases provide specialized join semantics for relationship traversal. NoSQL databases often implement join-like operations through denormalization or application-side processing. As you continue to develop your data skills, these specialized approaches will extend the foundation established here.

## Key Takeaways

- Multi-table and self-JOIN patterns are powerful techniques for navigating complex data relationships, similar to middleware chains or recursive structures in application code.
- Query execution plans reveal how the database engine actually processes JOINs, often reordering operations for efficiency—understanding these plans is critical for optimization.
- Proper indexing on JOIN columns dramatically improves performance by enabling more efficient join algorithms, just as proper data structures speed up application code.
- Cardinality estimation drives optimizer decisions; when estimates are incorrect, query performance can degrade significantly despite sound query structure.
- NULL values follow special rules in JOIN conditions and require explicit handling strategies to maintain correct result sets.
- Unintentional cartesian products represent a severe performance risk in complex queries and demand proactive prevention techniques.

## Conclusion

Advanced JOIN techniques represent the intersection of database theory and practical software engineering. By mastering multi-table and self-JOIN patterns, you've gained the ability to navigate complex data relationships much like you would traverse object hierarchies in application code. Your understanding of execution plans provides insight into how database engines optimize queries—knowledge directly applicable to performance tuning. 

The validation and troubleshooting skills you've developed ensure both correctness and efficiency in your database interactions, mirroring how you'd approach component integration in a software system. These techniques equip you to build and maintain data-intensive applications that can scale effectively while maintaining performance, whether you're developing financial reporting systems, inventory management tools, or customer analytics platforms. As with all powerful tools, the real mastery comes through deliberate practice and application to your specific problem domain.

## Glossary

- **Cardinality**: The uniqueness of values in a column or the number of rows expected from an operation.
- **Cartesian Product**: A join resulting from the absence of a join condition, producing rows combining each row from the first table with each row from the second.
- **Execution Plan**: A step-by-step map showing how the database will execute a query, including join methods and access paths.
- **Hash Join**: A join algorithm that builds a hash table from the smaller table then probes it with the larger table's values.
- **Hierarchical Data**: Data with parent-child relationships spanning multiple levels, forming a tree-like structure.
- **Optimizer**: The database component that determines the most efficient way to execute a query.
- **Recursive CTE**: A common table expression with an anchor member and recursive member for traversing hierarchical data.
- **Self-JOIN**: A join in which a table is joined with itself, typically using different aliases.